0 info it worked if it ends with ok
1 verbose cli [ 'node', '/usr/local/bin/npm', 'install', 'primermap' ]
2 info using npm@3.4.1
3 info using node@v0.12.7
4 silly loadCurrentTree Starting
5 silly install loadCurrentTree
6 silly install readLocalPackageData
7 silly fetchPackageMetaData primermap
8 silly fetchNamedPackageData primermap
9 silly mapToRegistry name primermap
10 silly mapToRegistry using default registry
11 silly mapToRegistry registry https://registry.npmjs.org/
12 silly mapToRegistry uri https://registry.npmjs.org/primermap
13 verbose request uri https://registry.npmjs.org/primermap
14 verbose request no auth needed
15 info attempt registry request try #1 at 11:08:20 PM
16 verbose request using bearer token for auth
17 verbose request id e4fb144f9f495d55
18 http request GET https://registry.npmjs.org/primermap
19 http 200 https://registry.npmjs.org/primermap
20 verbose headers { server: 'CouchDB/1.5.0 (Erlang OTP/R16B03)',
20 verbose headers   etag: '"4ZD0B3B7TUIF2OPP1Y6S7RDY4"',
20 verbose headers   'content-type': 'application/json',
20 verbose headers   'cache-control': 'max-age=60',
20 verbose headers   'content-length': '4885',
20 verbose headers   'accept-ranges': 'bytes',
20 verbose headers   date: 'Sat, 21 Nov 2015 04:08:21 GMT',
20 verbose headers   via: '1.1 varnish',
20 verbose headers   connection: 'keep-alive',
20 verbose headers   'x-served-by': 'cache-atl6231-ATL',
20 verbose headers   'x-cache': 'MISS',
20 verbose headers   'x-cache-hits': '0',
20 verbose headers   'x-timer': 'S1448078901.203644,VS0,VE101',
20 verbose headers   vary: 'Accept' }
21 silly get cb [ 200,
21 silly get   { server: 'CouchDB/1.5.0 (Erlang OTP/R16B03)',
21 silly get     etag: '"4ZD0B3B7TUIF2OPP1Y6S7RDY4"',
21 silly get     'content-type': 'application/json',
21 silly get     'cache-control': 'max-age=60',
21 silly get     'content-length': '4885',
21 silly get     'accept-ranges': 'bytes',
21 silly get     date: 'Sat, 21 Nov 2015 04:08:21 GMT',
21 silly get     via: '1.1 varnish',
21 silly get     connection: 'keep-alive',
21 silly get     'x-served-by': 'cache-atl6231-ATL',
21 silly get     'x-cache': 'MISS',
21 silly get     'x-cache-hits': '0',
21 silly get     'x-timer': 'S1448078901.203644,VS0,VE101',
21 silly get     vary: 'Accept' } ]
22 verbose get saving primermap to /Users/dohalloran/.npm/registry.npmjs.org/primermap/.cache.json
23 silly install normalizeTree
24 silly loadCurrentTree Finishing
25 silly loadIdealTree Starting
26 silly install loadIdealTree
27 silly cloneCurrentTree Starting
28 silly install cloneCurrentTreeToIdealTree
29 silly cloneCurrentTree Finishing
30 silly loadShrinkwrap Starting
31 silly install loadShrinkwrap
32 silly loadShrinkwrap Finishing
33 silly loadAllDepsIntoIdealTree Starting
34 silly install loadAllDepsIntoIdealTree
35 silly rollbackFailedOptional Starting
36 silly rollbackFailedOptional Finishing
37 silly runTopLevelLifecycles Starting
38 silly runTopLevelLifecycles Finishing
39 silly install printInstalled
40 verbose stack Error: Refusing to install primermap as a dependency of itself
40 verbose stack     at checkSelf (/usr/local/lib/node_modules/npm/lib/install/validate-args.js:40:14)
40 verbose stack     at Array.<anonymous> (/usr/local/lib/node_modules/npm/node_modules/slide/lib/bind-actor.js:15:8)
40 verbose stack     at LOOP (/usr/local/lib/node_modules/npm/node_modules/slide/lib/chain.js:15:14)
40 verbose stack     at chain (/usr/local/lib/node_modules/npm/node_modules/slide/lib/chain.js:20:5)
40 verbose stack     at /usr/local/lib/node_modules/npm/lib/install/validate-args.js:15:5
40 verbose stack     at /usr/local/lib/node_modules/npm/node_modules/slide/lib/async-map.js:52:35
40 verbose stack     at Array.forEach (native)
40 verbose stack     at /usr/local/lib/node_modules/npm/node_modules/slide/lib/async-map.js:52:11
40 verbose stack     at Array.forEach (native)
40 verbose stack     at asyncMap (/usr/local/lib/node_modules/npm/node_modules/slide/lib/async-map.js:51:8)
41 verbose cwd /Users/dohalloran/Desktop/primermap
42 error Darwin 15.0.0
43 error argv "node" "/usr/local/bin/npm" "install" "primermap"
44 error node v0.12.7
45 error npm  v3.4.1
46 error code ENOSELF
47 error Refusing to install primermap as a dependency of itself
48 error If you need help, you may report this error at:
48 error     <https://github.com/npm/npm/issues>
49 verbose exit [ 1, true ]
